F:\SandBox\Dapper\Dapper.Web\dist\out-tsc\app\app-routing.module.js
F:\SandBox\Dapper\Dapper.Web\dist\out-tsc\app\app-routing.module.js.map
F:\SandBox\Dapper\Dapper.Web\dist\out-tsc\app\app.component.js
F:\SandBox\Dapper\Dapper.Web\dist\out-tsc\app\app.component.js.map
F:\SandBox\Dapper\Dapper.Web\dist\out-tsc\app\shared\contact.js
F:\SandBox\Dapper\Dapper.Web\dist\out-tsc\app\shared\contact.js.map
F:\SandBox\Dapper\Dapper.Web\dist\out-tsc\app\shared\dataService.js
F:\SandBox\Dapper\Dapper.Web\dist\out-tsc\app\shared\dataService.js.map
F:\SandBox\Dapper\Dapper.Web\dist\out-tsc\app\contacts\contactList.component.js
F:\SandBox\Dapper\Dapper.Web\dist\out-tsc\app\contacts\contactList.component.js.map
F:\SandBox\Dapper\Dapper.Web\dist\out-tsc\app\app.module.js
F:\SandBox\Dapper\Dapper.Web\dist\out-tsc\app\app.module.js.map
F:\SandBox\Dapper\Dapper.Web\dist\out-tsc\environments\environment.js
F:\SandBox\Dapper\Dapper.Web\dist\out-tsc\environments\environment.js.map
F:\SandBox\Dapper\Dapper.Web\dist\out-tsc\main.js
F:\SandBox\Dapper\Dapper.Web\dist\out-tsc\main.js.map
F:\SandBox\Dapper\Dapper.Web\dist\out-tsc\polyfills.js
F:\SandBox\Dapper\Dapper.Web\dist\out-tsc\polyfills.js.map
F:\SandBox\Dapper\Dapper.Web\dist\out-tsc\test.js
F:\SandBox\Dapper\Dapper.Web\dist\out-tsc\test.js.map
F:\SandBox\Dapper\Dapper.Web\dist\out-tsc\environments\environment.prod.js
F:\SandBox\Dapper\Dapper.Web\dist\out-tsc\environments\environment.prod.js.map
